targetName=a9
arch=arm
runHost=10.0.6.38
runHostPrompt=*$* 
target=10.0.6.39
targetRoot=/usr/local/arm-sony-linux-gnueabi/target/armv7a
rpmDir=/home/rpmuser/rpm
testSoucreDir=/home/rpmuser//MAIN/dist/pkg
rpmBuild=/home/rpmuser/MAIN/dist/pkg/sony-rpmbuild
rpmBuildPatch=/home/rpmuser///MAIN/dist/pkg/sony-rpmbuild -p
hddDev=sda
device=sda1
cmplrs=/home/rpmuser/MAIN/cmplrs
triplet=arm-sony-linux-gnueabi
dialect=armv7a
currentHost=10.0.6.38
majorVersion=11
withoutsslibcFlag=yes
targetTop=/usr/local/arm-sony-linux-gnueabi
tempDir=/home/rpmuser/rpm/tmp
memcached : 1.4.15
spawn -nottyinit rpm -ivh /home/rpmuser/CE-Linux-11.0.0.0-RC1/Tools_Userland/SRPMS/sony-target-dev-memcached-1.4.15-11000001.src.rpm
rpm: RPM should not be used directly install RPM packages, use Alien instead!
rpm: However assuming you know what you are doing...
   1:sony-target-dev-memcachwarning: group rpmuser does not exist - using root
                                            ( 20%)#                                           ( 20%)##                                          ( 20%)###                                         ( 20%)####                                        ( 20%)#####                                       ( 20%)######                                      ( 20%)#######                                     ( 20%)########                                    ( 20%)#########                                   ( 40%)##########                                  ( 40%)###########                                 ( 40%)############                                ( 40%)#############                               ( 40%)##############                              ( 40%)###############                             ( 40%)################                            ( 40%)#################                           ( 40%)##################                          ( 60%)###################                         ( 60%)####################                        ( 60%)#####################                       ( 60%)######################                      ( 60%)#######################                     ( 60%)########################                    ( 60%)#########################                   ( 60%)##########################                  ( 60%)###########################                 ( 80%)############################                ( 80%)#############################               ( 80%)##############################              ( 80%)###############################             ( 80%)################################            ( 80%)#################################           ( 80%)##################################          ( 80%)###################################         ( 99%)####################################        ( 99%)#####################################       ( 99%)######################################      ( 99%)#######################################     ( 99%)########################################    ( 99%)#########################################   ( 99%)##########################################  ( 99%)########################################### ( 99%)########################################### [100%]
warning: group rpmuser does not exist - using root
spawn -nottyinit /home/rpmuser/MAIN/dist/pkg/sony-rpmbuild arm-sony-linux-gnueabi-armv7a /home/rpmuser/rpm/SPECS/sony-target-dev-memcached.spec
RPM Package building for Sony CE Linux 11.0
Building target platforms: arm-sony-linux
Building for target arm-sony-linux
Executing(%prep): /bin/sh -e /home/rpmuser/rpm/tmp/rpm-tmp.Dpn5Qh
+ umask 022
+ cd /home/rpmuser/rpm/BUILD
+ cd /home/rpmuser/rpm/BUILD
+ rm -rf memcached-1.4.15
+ /bin/gzip -dc /home/rpmuser/rpm/SOURCES/memcached-1.4.15.tar.gz
+ /bin/tar -xf -
+ STATUS=0
+ '[' 0 -ne 0 ']'
+ cd memcached-1.4.15
+ exit 0
Executing(%build): /bin/sh -e /home/rpmuser/rpm/tmp/rpm-tmp.yuIFhQ
+ umask 022
+ cd /home/rpmuser/rpm/BUILD
+ cd memcached-1.4.15
+ PATH=/usr/local/arm-sony-linux-gnueabi/host/bin:/usr/local/arm-sony-linux-gnueabi/cross/bin:/usr/local/arm-sony-linux-gnueabi/cross/bin:/usr/local/sbin:/usr/local/bin:/usr/sbin:/usr/bin:/sbin:/bin:/usr/games
+ export PATH
+ CONFIG_SHELL=/bin/sh
+ export CONFIG_SHELL
+ CC='arm-sony-linux-gnueabi-gcc -tarmv7a'
+ export CC
+ AS=arm-sony-linux-gnueabi-as
+ export AS
+ LD=arm-sony-linux-gnueabi-ld
+ export LD
+ AR=arm-sony-linux-gnueabi-ar
+ export AR
+ RANLIB=arm-sony-linux-gnueabi-ranlib
+ export RANLIB
+ CPP='arm-sony-linux-gnueabi-cpp -tarmv7a'
+ export CPP
+ CXX='arm-sony-linux-gnueabi-g++ -tarmv7a'
+ export CXX
+ NM=arm-sony-linux-gnueabi-nm
+ export NM
+ STRIP=true
+ export STRIP
+ OBJCOPY=arm-sony-linux-gnueabi-objcopy
+ export OBJCOPY
+ OBJDUMP=arm-sony-linux-gnueabi-objdump
+ export OBJDUMP
+ CFLAGS=-O2
+ export CFLAGS
+ CXXFLAGS=-O2
+ export CXXFLAGS
+ FFLAGS=-O2
+ export FFLAGS
+ LDFLAGS=
+ export LDFLAGS
+ CROSS_COMPILE_PREFIX=/usr/local/arm-sony-linux-gnueabi/target/armv7a
+ export CROSS_COMPILE_PREFIX
+ PKG_CONFIG_SYSROOT_DIR=/usr/local/arm-sony-linux-gnueabi/target/armv7a
+ export PKG_CONFIG_SYSROOT_DIR
+ PKG_CONFIG_LIBDIR=/usr/local/arm-sony-linux-gnueabi/target/armv7a//tool/usr/lib/pkgconfig
+ export PKG_CONFIG_LIBDIR
+ PKG_CONFIG_PATH=/usr/local/arm-sony-linux-gnueabi/target/armv7a//tool/usr/lib/pkgconfig
+ export PKG_CONFIG_PATH
+ true
+ export ac_cv_c_endian=little
+ ac_cv_c_endian=little
+ '[' '!' -f objdir ']'
+ mkdir -p objdir
+ cd objdir
+ ../configure --host=arm-sony-linux-gnueabi --build=x86_64-pc-linux-gnu --prefix=/usr --includedir=/tool//usr/include --disable-nls
configure: WARNING: unrecognized options: --disable-nls
checking build system type... x86_64-pc-linux-gnu
checking host system type... arm-sony-linux-gnueabi
checking target system type... arm-sony-linux-gnueabi
checking for a BSD-compatible install... /usr/bin/install -c
checking whether build environment is sane... yes
checking for arm-sony-linux-gnueabi-strip... true
checking for a thread-safe mkdir -p... /bin/mkdir -p
checking for gawk... no
checking for mawk... mawk
checking whether make sets $(MAKE)... yes
checking for arm-sony-linux-gnueabi-gcc... arm-sony-linux-gnueabi-gcc -tarmv7a
checking whether the C compiler works... yes
checking for C compiler default output file name... a.out
checking for suffix of executables... 
checking whether we are cross compiling... yes
checking for suffix of object files... o
checking whether we are using the GNU C compiler... yes
checking whether arm-sony-linux-gnueabi-gcc -tarmv7a accepts -g... yes
checking for arm-sony-linux-gnueabi-gcc -tarmv7a option to accept ISO C89... none needed
checking for style of include used by make... GNU
checking dependency style of arm-sony-linux-gnueabi-gcc -tarmv7a... gcc3
checking how to run the C preprocessor... arm-sony-linux-gnueabi-cpp -tarmv7a
checking for grep that handles long lines and -e... /bin/grep
checking for egrep... /bin/grep -E
checking for icc in use... no
checking for ANSI C header files... yes
checking for sys/types.h... yes
checking for sys/stat.h... yes
checking for stdlib.h... yes
checking for string.h... yes
checking for memory.h... yes
checking for strings.h... yes
checking for inttypes.h... yes
checking for stdint.h... yes
checking for unistd.h... yes
checking whether __SUNPRO_C is declared... no
checking for arm-sony-linux-gnueabi-gcc -tarmv7a option to accept ISO C99... -std=gnu99
checking whether arm-sony-linux-gnueabi-gcc -tarmv7a -std=gnu99 and cc understand -c and -o together... yes
checking sasl/sasl.h usability... no
checking sasl/sasl.h presence... no
checking for sasl/sasl.h... no
checking for gcov... /usr/bin/gcov
checking for main in -lgcov... yes
checking for library containing clock_gettime... -lrt
checking for library containing socket... none required
checking for library containing gethostbyname... none required
checking for libevent directory... (system)
checking for library containing umem_cache_create... no
checking for library containing gethugepagesizes... no
checking for stdbool.h that conforms to C99... yes
checking for _Bool... yes
checking for inttypes.h... (cached) yes
checking for sasl_callback_ft... no
checking for print macros for integers (C99 section 7.8.1)... yes
checking for an ANSI C-conforming const... yes
checking for socklen_t... yes
checking for endianness... (cached) little
checking for htonll... no
checking for library containing pthread_create... none required
checking for mlockall... yes
checking for getpagesizes... no
checking for memcntl... no
checking for sigignore... yes
checking for clock_gettime... yes
checking for alignment... need
checking for GCC atomics... yes
checking for setppriv... no
checking umem.h usability... no
checking umem.h presence... no
checking for umem.h... no
checking for xml2rfc... no
checking for xsltproc... no
configure: creating ./config.status
config.status: creating Makefile
config.status: creating doc/Makefile
config.status: creating config.h
config.status: executing depfiles commands
configure: WARNING: unrecognized options: --disable-nls
+ make
make  all-recursive
make[1]: Entering directory `/home/rpmuser/rpm/BUILD/memcached-1.4.15/objdir'
Making all in doc
make[2]: Entering directory `/home/rpmuser/rpm/BUILD/memcached-1.4.15/objdir/doc'
make  all-am
make[3]: Entering directory `/home/rpmuser/rpm/BUILD/memcached-1.4.15/objdir/doc'
make[3]: Nothing to be done for `all-am'.
make[3]: Leaving directory `/home/rpmuser/rpm/BUILD/memcached-1.4.15/objdir/doc'
make[2]: Leaving directory `/home/rpmuser/rpm/BUILD/memcached-1.4.15/objdir/doc'
make[2]: Entering directory `/home/rpmuser/rpm/BUILD/memcached-1.4.15/objdir'
arm-sony-linux-gnueabi-gcc -tarmv7a -std=gnu99 -DHAVE_CONFIG_H -I. -I..  -DNDEBUG   -O2 -pthread -pthread -Wall -Werror -pedantic -Wmissing-prototypes -Wmissing-declarations -Wredundant-decls -MT memcached-memcached.o -MD -MP -MF .deps/memcached-memcached.Tpo -c -o memcached-memcached.o `test -f 'memcached.c' || echo '../'`memcached.c
mv -f .deps/memcached-memcached.Tpo .deps/memcached-memcached.Po
arm-sony-linux-gnueabi-gcc -tarmv7a -std=gnu99 -DHAVE_CONFIG_H -I. -I..  -DNDEBUG   -O2 -pthread -pthread -Wall -Werror -pedantic -Wmissing-prototypes -Wmissing-declarations -Wredundant-decls -MT memcached-hash.o -MD -MP -MF .deps/memcached-hash.Tpo -c -o memcached-hash.o `test -f 'hash.c' || echo '../'`hash.c
mv -f .deps/memcached-hash.Tpo .deps/memcached-hash.Po
arm-sony-linux-gnueabi-gcc -tarmv7a -std=gnu99 -DHAVE_CONFIG_H -I. -I..  -DNDEBUG   -O2 -pthread -pthread -Wall -Werror -pedantic -Wmissing-prototypes -Wmissing-declarations -Wredundant-decls -MT memcached-slabs.o -MD -MP -MF .deps/memcached-slabs.Tpo -c -o memcached-slabs.o `test -f 'slabs.c' || echo '../'`slabs.c
mv -f .deps/memcached-slabs.Tpo .deps/memcached-slabs.Po
arm-sony-linux-gnueabi-gcc -tarmv7a -std=gnu99 -DHAVE_CONFIG_H -I. -I..  -DNDEBUG   -O2 -pthread -pthread -Wall -Werror -pedantic -Wmissing-prototypes -Wmissing-declarations -Wredundant-decls -MT memcached-items.o -MD -MP -MF .deps/memcached-items.Tpo -c -o memcached-items.o `test -f 'items.c' || echo '../'`items.c
mv -f .deps/memcached-items.Tpo .deps/memcached-items.Po
arm-sony-linux-gnueabi-gcc -tarmv7a -std=gnu99 -DHAVE_CONFIG_H -I. -I..  -DNDEBUG   -O2 -pthread -pthread -Wall -Werror -pedantic -Wmissing-prototypes -Wmissing-declarations -Wredundant-decls -MT memcached-assoc.o -MD -MP -MF .deps/memcached-assoc.Tpo -c -o memcached-assoc.o `test -f 'assoc.c' || echo '../'`assoc.c
mv -f .deps/memcached-assoc.Tpo .deps/memcached-assoc.Po
arm-sony-linux-gnueabi-gcc -tarmv7a -std=gnu99 -DHAVE_CONFIG_H -I. -I..  -DNDEBUG   -O2 -pthread -pthread -Wall -Werror -pedantic -Wmissing-prototypes -Wmissing-declarations -Wredundant-decls -MT memcached-thread.o -MD -MP -MF .deps/memcached-thread.Tpo -c -o memcached-thread.o `test -f 'thread.c' || echo '../'`thread.c
mv -f .deps/memcached-thread.Tpo .deps/memcached-thread.Po
arm-sony-linux-gnueabi-gcc -tarmv7a -std=gnu99 -DHAVE_CONFIG_H -I. -I..  -DNDEBUG   -O2 -pthread -pthread -Wall -Werror -pedantic -Wmissing-prototypes -Wmissing-declarations -Wredundant-decls -MT memcached-daemon.o -MD -MP -MF .deps/memcached-daemon.Tpo -c -o memcached-daemon.o `test -f 'daemon.c' || echo '../'`daemon.c
mv -f .deps/memcached-daemon.Tpo .deps/memcached-daemon.Po
arm-sony-linux-gnueabi-gcc -tarmv7a -std=gnu99 -DHAVE_CONFIG_H -I. -I..  -DNDEBUG   -O2 -pthread -pthread -Wall -Werror -pedantic -Wmissing-prototypes -Wmissing-declarations -Wredundant-decls -MT memcached-stats.o -MD -MP -MF .deps/memcached-stats.Tpo -c -o memcached-stats.o `test -f 'stats.c' || echo '../'`stats.c
mv -f .deps/memcached-stats.Tpo .deps/memcached-stats.Po
arm-sony-linux-gnueabi-gcc -tarmv7a -std=gnu99 -DHAVE_CONFIG_H -I. -I..  -DNDEBUG   -O2 -pthread -pthread -Wall -Werror -pedantic -Wmissing-prototypes -Wmissing-declarations -Wredundant-decls -MT memcached-util.o -MD -MP -MF .deps/memcached-util.Tpo -c -o memcached-util.o `test -f 'util.c' || echo '../'`util.c
mv -f .deps/memcached-util.Tpo .deps/memcached-util.Po
arm-sony-linux-gnueabi-gcc -tarmv7a -std=gnu99 -DHAVE_CONFIG_H -I. -I..  -DNDEBUG   -O2 -pthread -pthread -Wall -Werror -pedantic -Wmissing-prototypes -Wmissing-declarations -Wredundant-decls -MT memcached-cache.o -MD -MP -MF .deps/memcached-cache.Tpo -c -o memcached-cache.o `test -f 'cache.c' || echo '../'`cache.c
mv -f .deps/memcached-cache.Tpo .deps/memcached-cache.Po
arm-sony-linux-gnueabi-gcc -tarmv7a -std=gnu99  -O2 -pthread -pthread -Wall -Werror -pedantic -Wmissing-prototypes -Wmissing-declarations -Wredundant-decls   -o memcached memcached-memcached.o memcached-hash.o memcached-slabs.o memcached-items.o memcached-assoc.o memcached-thread.o memcached-daemon.o memcached-stats.o memcached-util.o memcached-cache.o    -levent -lrt 
arm-sony-linux-gnueabi-gcc -tarmv7a -std=gnu99 -DHAVE_CONFIG_H -I. -I..    -fprofile-arcs -ftest-coverage -O2 -pthread -pthread -Wall -Werror -pedantic -Wmissing-prototypes -Wmissing-declarations -Wredundant-decls -MT memcached_debug-memcached.o -MD -MP -MF .deps/memcached_debug-memcached.Tpo -c -o memcached_debug-memcached.o `test -f 'memcached.c' || echo '../'`memcached.c
mv -f .deps/memcached_debug-memcached.Tpo .deps/memcached_debug-memcached.Po
arm-sony-linux-gnueabi-gcc -tarmv7a -std=gnu99 -DHAVE_CONFIG_H -I. -I..    -fprofile-arcs -ftest-coverage -O2 -pthread -pthread -Wall -Werror -pedantic -Wmissing-prototypes -Wmissing-declarations -Wredundant-decls -MT memcached_debug-hash.o -MD -MP -MF .deps/memcached_debug-hash.Tpo -c -o memcached_debug-hash.o `test -f 'hash.c' || echo '../'`hash.c
mv -f .deps/memcached_debug-hash.Tpo .deps/memcached_debug-hash.Po
arm-sony-linux-gnueabi-gcc -tarmv7a -std=gnu99 -DHAVE_CONFIG_H -I. -I..    -fprofile-arcs -ftest-coverage -O2 -pthread -pthread -Wall -Werror -pedantic -Wmissing-prototypes -Wmissing-declarations -Wredundant-decls -MT memcached_debug-slabs.o -MD -MP -MF .deps/memcached_debug-slabs.Tpo -c -o memcached_debug-slabs.o `test -f 'slabs.c' || echo '../'`slabs.c
mv -f .deps/memcached_debug-slabs.Tpo .deps/memcached_debug-slabs.Po
arm-sony-linux-gnueabi-gcc -tarmv7a -std=gnu99 -DHAVE_CONFIG_H -I. -I..    -fprofile-arcs -ftest-coverage -O2 -pthread -pthread -Wall -Werror -pedantic -Wmissing-prototypes -Wmissing-declarations -Wredundant-decls -MT memcached_debug-items.o -MD -MP -MF .deps/memcached_debug-items.Tpo -c -o memcached_debug-items.o `test -f 'items.c' || echo '../'`items.c
mv -f .deps/memcached_debug-items.Tpo .deps/memcached_debug-items.Po
arm-sony-linux-gnueabi-gcc -tarmv7a -std=gnu99 -DHAVE_CONFIG_H -I. -I..    -fprofile-arcs -ftest-coverage -O2 -pthread -pthread -Wall -Werror -pedantic -Wmissing-prototypes -Wmissing-declarations -Wredundant-decls -MT memcached_debug-assoc.o -MD -MP -MF .deps/memcached_debug-assoc.Tpo -c -o memcached_debug-assoc.o `test -f 'assoc.c' || echo '../'`assoc.c
mv -f .deps/memcached_debug-assoc.Tpo .deps/memcached_debug-assoc.Po
arm-sony-linux-gnueabi-gcc -tarmv7a -std=gnu99 -DHAVE_CONFIG_H -I. -I..    -fprofile-arcs -ftest-coverage -O2 -pthread -pthread -Wall -Werror -pedantic -Wmissing-prototypes -Wmissing-declarations -Wredundant-decls -MT memcached_debug-thread.o -MD -MP -MF .deps/memcached_debug-thread.Tpo -c -o memcached_debug-thread.o `test -f 'thread.c' || echo '../'`thread.c
mv -f .deps/memcached_debug-thread.Tpo .deps/memcached_debug-thread.Po
arm-sony-linux-gnueabi-gcc -tarmv7a -std=gnu99 -DHAVE_CONFIG_H -I. -I..    -fprofile-arcs -ftest-coverage -O2 -pthread -pthread -Wall -Werror -pedantic -Wmissing-prototypes -Wmissing-declarations -Wredundant-decls -MT memcached_debug-daemon.o -MD -MP -MF .deps/memcached_debug-daemon.Tpo -c -o memcached_debug-daemon.o `test -f 'daemon.c' || echo '../'`daemon.c
mv -f .deps/memcached_debug-daemon.Tpo .deps/memcached_debug-daemon.Po
arm-sony-linux-gnueabi-gcc -tarmv7a -std=gnu99 -DHAVE_CONFIG_H -I. -I..    -fprofile-arcs -ftest-coverage -O2 -pthread -pthread -Wall -Werror -pedantic -Wmissing-prototypes -Wmissing-declarations -Wredundant-decls -MT memcached_debug-stats.o -MD -MP -MF .deps/memcached_debug-stats.Tpo -c -o memcached_debug-stats.o `test -f 'stats.c' || echo '../'`stats.c
mv -f .deps/memcached_debug-stats.Tpo .deps/memcached_debug-stats.Po
arm-sony-linux-gnueabi-gcc -tarmv7a -std=gnu99 -DHAVE_CONFIG_H -I. -I..    -fprofile-arcs -ftest-coverage -O2 -pthread -pthread -Wall -Werror -pedantic -Wmissing-prototypes -Wmissing-declarations -Wredundant-decls -MT memcached_debug-util.o -MD -MP -MF .deps/memcached_debug-util.Tpo -c -o memcached_debug-util.o `test -f 'util.c' || echo '../'`util.c
mv -f .deps/memcached_debug-util.Tpo .deps/memcached_debug-util.Po
arm-sony-linux-gnueabi-gcc -tarmv7a -std=gnu99 -DHAVE_CONFIG_H -I. -I..    -fprofile-arcs -ftest-coverage -O2 -pthread -pthread -Wall -Werror -pedantic -Wmissing-prototypes -Wmissing-declarations -Wredundant-decls -MT memcached_debug-cache.o -MD -MP -MF .deps/memcached_debug-cache.Tpo -c -o memcached_debug-cache.o `test -f 'cache.c' || echo '../'`cache.c
mv -f .deps/memcached_debug-cache.Tpo .deps/memcached_debug-cache.Po
arm-sony-linux-gnueabi-gcc -tarmv7a -std=gnu99 -fprofile-arcs -ftest-coverage -O2 -pthread -pthread -Wall -Werror -pedantic -Wmissing-prototypes -Wmissing-declarations -Wredundant-decls   -o memcached-debug memcached_debug-memcached.o memcached_debug-hash.o memcached_debug-slabs.o memcached_debug-items.o memcached_debug-assoc.o memcached_debug-thread.o memcached_debug-daemon.o memcached_debug-stats.o memcached_debug-util.o memcached_debug-cache.o   -lgcov  -levent -lrt 
arm-sony-linux-gnueabi-gcc -tarmv7a -std=gnu99 -DHAVE_CONFIG_H -I. -I..     -O2 -pthread -pthread -Wall -Werror -pedantic -Wmissing-prototypes -Wmissing-declarations -Wredundant-decls -MT sizes.o -MD -MP -MF .deps/sizes.Tpo -c -o sizes.o ../sizes.c
mv -f .deps/sizes.Tpo .deps/sizes.Po
arm-sony-linux-gnueabi-gcc -tarmv7a -std=gnu99  -O2 -pthread -pthread -Wall -Werror -pedantic -Wmissing-prototypes -Wmissing-declarations -Wredundant-decls   -o sizes sizes.o  -levent -lrt 
arm-sony-linux-gnueabi-gcc -tarmv7a -std=gnu99 -DHAVE_CONFIG_H -I. -I..     -O2 -pthread -pthread -Wall -Werror -pedantic -Wmissing-prototypes -Wmissing-declarations -Wredundant-decls -MT testapp.o -MD -MP -MF .deps/testapp.Tpo -c -o testapp.o ../testapp.c
mv -f .deps/testapp.Tpo .deps/testapp.Po
arm-sony-linux-gnueabi-gcc -tarmv7a -std=gnu99 -DHAVE_CONFIG_H -I. -I..     -O2 -pthread -pthread -Wall -Werror -pedantic -Wmissing-prototypes -Wmissing-declarations -Wredundant-decls -MT util.o -MD -MP -MF .deps/util.Tpo -c -o util.o ../util.c
mv -f .deps/util.Tpo .deps/util.Po
arm-sony-linux-gnueabi-gcc -tarmv7a -std=gnu99 -DHAVE_CONFIG_H -I. -I..     -O2 -pthread -pthread -Wall -Werror -pedantic -Wmissing-prototypes -Wmissing-declarations -Wredundant-decls -MT cache.o -MD -MP -MF .deps/cache.Tpo -c -o cache.o ../cache.c
mv -f .deps/cache.Tpo .deps/cache.Po
arm-sony-linux-gnueabi-gcc -tarmv7a -std=gnu99  -O2 -pthread -pthread -Wall -Werror -pedantic -Wmissing-prototypes -Wmissing-declarations -Wredundant-decls   -o testapp testapp.o util.o cache.o  -levent -lrt 
arm-sony-linux-gnueabi-gcc -tarmv7a -std=gnu99 -DHAVE_CONFIG_H -I. -I..     -O2 -pthread -pthread -Wall -Werror -pedantic -Wmissing-prototypes -Wmissing-declarations -Wredundant-decls -MT timedrun.o -MD -MP -MF .deps/timedrun.Tpo -c -o timedrun.o ../timedrun.c
mv -f .deps/timedrun.Tpo .deps/timedrun.Po
arm-sony-linux-gnueabi-gcc -tarmv7a -std=gnu99  -O2 -pthread -pthread -Wall -Werror -pedantic -Wmissing-prototypes -Wmissing-declarations -Wredundant-decls   -o timedrun timedrun.o  -levent -lrt 
make[2]: Leaving directory `/home/rpmuser/rpm/BUILD/memcached-1.4.15/objdir'
make[1]: Leaving directory `/home/rpmuser/rpm/BUILD/memcached-1.4.15/objdir'
+ exit 0
Executing(%install): /bin/sh -e /home/rpmuser/rpm/tmp/rpm-tmp.t4wTG4
+ umask 022
+ cd /home/rpmuser/rpm/BUILD
+ cd memcached-1.4.15
+ rm -rf /home/rpmuser/rpm/BUILDROOT/sony-target-dev-memcached-1.4.15-11000001.x86_64
+ PATH=/usr/local/arm-sony-linux-gnueabi/host/bin:/usr/local/arm-sony-linux-gnueabi/cross/bin:/usr/local/arm-sony-linux-gnueabi/cross/bin:/usr/local/sbin:/usr/local/bin:/usr/sbin:/usr/bin:/sbin:/bin:/usr/games
+ export PATH
+ CONFIG_SHELL=/bin/sh
+ export CONFIG_SHELL
+ CC='arm-sony-linux-gnueabi-gcc -tarmv7a'
+ export CC
+ AS=arm-sony-linux-gnueabi-as
+ export AS
+ LD=arm-sony-linux-gnueabi-ld
+ export LD
+ AR=arm-sony-linux-gnueabi-ar
+ export AR
+ RANLIB=arm-sony-linux-gnueabi-ranlib
+ export RANLIB
+ CPP='arm-sony-linux-gnueabi-cpp -tarmv7a'
+ export CPP
+ CXX='arm-sony-linux-gnueabi-g++ -tarmv7a'
+ export CXX
+ NM=arm-sony-linux-gnueabi-nm
+ export NM
+ STRIP=true
+ export STRIP
+ OBJCOPY=arm-sony-linux-gnueabi-objcopy
+ export OBJCOPY
+ OBJDUMP=arm-sony-linux-gnueabi-objdump
+ export OBJDUMP
+ CFLAGS=-O2
+ export CFLAGS
+ CXXFLAGS=-O2
+ export CXXFLAGS
+ FFLAGS=-O2
+ export FFLAGS
+ LDFLAGS=
+ export LDFLAGS
+ CROSS_COMPILE_PREFIX=/usr/local/arm-sony-linux-gnueabi/target/armv7a
+ export CROSS_COMPILE_PREFIX
+ PKG_CONFIG_SYSROOT_DIR=/usr/local/arm-sony-linux-gnueabi/target/armv7a
+ export PKG_CONFIG_SYSROOT_DIR
+ PKG_CONFIG_LIBDIR=/usr/local/arm-sony-linux-gnueabi/target/armv7a//tool/usr/lib/pkgconfig
+ export PKG_CONFIG_LIBDIR
+ PKG_CONFIG_PATH=/usr/local/arm-sony-linux-gnueabi/target/armv7a//tool/usr/lib/pkgconfig
+ export PKG_CONFIG_PATH
+ true
+ cd objdir
+ make DESTDIR=/home/rpmuser/rpm/BUILDROOT/sony-target-dev-memcached-1.4.15-11000001.x86_64/usr/local/arm-sony-linux-gnueabi/target/armv7a install
make  install-recursive
make[1]: Entering directory `/home/rpmuser/rpm/BUILD/memcached-1.4.15/objdir'
Making install in doc
make[2]: Entering directory `/home/rpmuser/rpm/BUILD/memcached-1.4.15/objdir/doc'
make  install-am
make[3]: Entering directory `/home/rpmuser/rpm/BUILD/memcached-1.4.15/objdir/doc'
make[4]: Entering directory `/home/rpmuser/rpm/BUILD/memcached-1.4.15/objdir/doc'
make[4]: Nothing to be done for `install-exec-am'.
test -z "/usr/share/man/man1" || /bin/mkdir -p "/home/rpmuser/rpm/BUILDROOT/sony-target-dev-memcached-1.4.15-11000001.x86_64/usr/local/arm-sony-linux-gnueabi/target/armv7a/usr/share/man/man1"
 /usr/bin/install -c -m 644 ../../doc/memcached.1 '/home/rpmuser/rpm/BUILDROOT/sony-target-dev-memcached-1.4.15-11000001.x86_64/usr/local/arm-sony-linux-gnueabi/target/armv7a/usr/share/man/man1'
make[4]: Leaving directory `/home/rpmuser/rpm/BUILD/memcached-1.4.15/objdir/doc'
make[3]: Leaving directory `/home/rpmuser/rpm/BUILD/memcached-1.4.15/objdir/doc'
make[2]: Leaving directory `/home/rpmuser/rpm/BUILD/memcached-1.4.15/objdir/doc'
make[2]: Entering directory `/home/rpmuser/rpm/BUILD/memcached-1.4.15/objdir'
make[3]: Entering directory `/home/rpmuser/rpm/BUILD/memcached-1.4.15/objdir'
test -z "/usr/bin" || /bin/mkdir -p "/home/rpmuser/rpm/BUILDROOT/sony-target-dev-memcached-1.4.15-11000001.x86_64/usr/local/arm-sony-linux-gnueabi/target/armv7a/usr/bin"
  /usr/bin/install -c memcached '/home/rpmuser/rpm/BUILDROOT/sony-target-dev-memcached-1.4.15-11000001.x86_64/usr/local/arm-sony-linux-gnueabi/target/armv7a/usr/bin'
test -z "/tool//usr/include/memcached" || /bin/mkdir -p "/home/rpmuser/rpm/BUILDROOT/sony-target-dev-memcached-1.4.15-11000001.x86_64/usr/local/arm-sony-linux-gnueabi/target/armv7a/tool//usr/include/memcached"
 /usr/bin/install -c -m 644 ../protocol_binary.h '/home/rpmuser/rpm/BUILDROOT/sony-target-dev-memcached-1.4.15-11000001.x86_64/usr/local/arm-sony-linux-gnueabi/target/armv7a/tool//usr/include/memcached'
make[3]: Leaving directory `/home/rpmuser/rpm/BUILD/memcached-1.4.15/objdir'
make[2]: Leaving directory `/home/rpmuser/rpm/BUILD/memcached-1.4.15/objdir'
make[1]: Leaving directory `/home/rpmuser/rpm/BUILD/memcached-1.4.15/objdir'
+ rm -rf /home/rpmuser/rpm/BUILDROOT/sony-target-dev-memcached-1.4.15-11000001.x86_64/usr/local/arm-sony-linux-gnueabi/target/armv7a/usr/share/man
Processing files: arm-sony-linux-gnueabi-armv7a-dev-memcached-1.4.15-11000001.arm
Checking for unpackaged file(s): /usr/lib/rpm/check-files /home/rpmuser/rpm/BUILDROOT/sony-target-dev-memcached-1.4.15-11000001.x86_64
Wrote: /home/rpmuser/rpm/SRPMS/sony-target-dev-memcached-1.4.15-11000001.src.rpm
Wrote: /home/rpmuser/rpm/RPMS/arm/arm-sony-linux-gnueabi-armv7a-dev-memcached-1.4.15-11000001.arm.rpm
Executing(%clean): /bin/sh -e /home/rpmuser/rpm/tmp/rpm-tmp.OsVboN
+ umask 022
+ cd /home/rpmuser/rpm/BUILD
+ cd memcached-1.4.15
+ rm -rf /home/rpmuser/rpm/BUILDROOT/sony-target-dev-memcached-1.4.15-11000001.x86_64
+ exit 0
sending 10.0.6.38:/home/rpmuser/rpm/BUILD/memcached-1.4.15 to 10.0.6.38:/usr/local/arm-sony-linux-gnueabi/target/armv7a/tmp..........................................................................................................................................................................................................................done
spawn ssh 10.0.6.38
Welcome to Ubuntu 12.04.4 LTS (GNU/Linux 3.8.0-35-generic x86_64)

 * Documentation:  https://help.ubuntu.com/

0 packages can be updated.
0 updates are security updates.

Last login: Fri Feb 14 15:12:41 2014 from kzm-a9.mydomain
]0;rpmuser@Triangle: ~rpmuser@Triangle:~$ telnet 10.0.6.39
Trying 10.0.6.39...
Connected to 10.0.6.39.
Escape character is '^]'.

10.0.6.39 login: root
Sony CE Linux 11.0.0.0 armv7a
-bash-3.2# cd /tmp/memcached-1.4.15/ || echo 'COMMAND''ERROR'
-bash-3.2# ./configure; make; make test 2<&1 | tee /tmp/memcached_test.out; echo 'COMMAND''DONE'
checking build system type... armv7l-unknown-linux-gnueabi
checking host system type... armv7l-unknown-linux-gnueabi
checking target system type... armv7l-unknown-linux-gnueabi
checking for a BSD-compatible install... /usr/bin/install -c
checking whether build environment is sane... yes
checking for a thread-safe mkdir -p... /usr/bin/mkdir -p
checking for gawk... gawk
checking whether make sets $(MAKE)... yes
checking for gcc... gcc
checking whether the C compiler works... yes
checking for C compiler default output file name... a.out
checking for suffix of executables... 
checking whether we are cross compiling... no
checking for suffix of object files... o
checking whether we are using the GNU C compiler... yes
checking whether gcc accepts -g... yes
checking for gcc option to accept ISO C89... none needed
checking for style of include used by make... GNU
checking dependency style of gcc... gcc3
checking how to run the C preprocessor... gcc -E
checking for grep that handles long lines and -e... /usr/bin/grep
checking for egrep... /usr/bin/grep -E
checking for icc in use... no
checking for ANSI C header files... yes
checking for sys/types.h... yes
checking for sys/stat.h... yes
checking for stdlib.h... yes
checking for string.h... yes
checking for memory.h... yes
checking for strings.h... yes
checking for inttypes.h... yes
checking for stdint.h... yes
checking for unistd.h... yes
checking whether __SUNPRO_C is declared... no
checking for gcc option to accept ISO C99... -std=gnu99
checking whether gcc -std=gnu99 and cc understand -c and -o together... yes
checking sasl/sasl.h usability... no
checking sasl/sasl.h presence... no
checking for sasl/sasl.h... no
checking for gcov... /tool/usr/bin/gcov
checking for main in -lgcov... yes
checking for library containing clock_gettime... -lrt
checking for library containing socket... none required
checking for library containing gethostbyname... none required
checking for libevent directory... (system)
checking for library containing umem_cache_create... no
checking for library containing gethugepagesizes... no
checking for stdbool.h that conforms to C99... yes
checking for _Bool... yes
checking for inttypes.h... (cached) yes
checking for sasl_callback_ft... no
checking for print macros for integers (C99 section 7.8.1)... yes
checking for an ANSI C-conforming const... yes
checking for socklen_t... yes
checking for endianness... little
checking for htonll... no
checking for library containing pthread_create... none required
checking for mlockall... yes
checking for getpagesizes... no
checking for memcntl... no
checking for sigignore... yes
checking for clock_gettime... yes
checking for alignment... need
checking for GCC atomics... yes
checking for setppriv... no
checking umem.h usability... no
checking umem.h presence... no
checking for umem.h... no
checking for xml2rfc... no
checking for xsltproc... no
configure: creating ./config.status
config.status: creating Makefile
config.status: creating doc/Makefile
config.status: creating config.h
config.status: executing depfiles commands
make  all-recursive
make[1]: Entering directory `/tmp/memcached-1.4.15'
Making all in doc
make[2]: Entering directory `/tmp/memcached-1.4.15/doc'
make  all-am
make[3]: Entering directory `/tmp/memcached-1.4.15/doc'
make[3]: Nothing to be done for `all-am'.
make[3]: Leaving directory `/tmp/memcached-1.4.15/doc'
make[2]: Leaving directory `/tmp/memcached-1.4.15/doc'
make[2]: Entering directory `/tmp/memcached-1.4.15'
gcc -std=gnu99 -DHAVE_CONFIG_H -I.  -DNDEBUG   -g -O2 -pthread -pthread -Wall -Werror -pedantic -Wmissing-prototypes -Wmissing-declarations -Wredundant-decls -MT memcached-memcached.o -MD -MP -MF .deps/memcached-memcached.Tpo -c -o memcached-memcached.o `test -f 'memcached.c' || echo './'`memcached.c
mv -f .deps/memcached-memcached.Tpo .deps/memcached-memcached.Po
gcc -std=gnu99 -DHAVE_CONFIG_H -I.  -DNDEBUG   -g -O2 -pthread -pthread -Wall -Werror -pedantic -Wmissing-prototypes -Wmissing-declarations -Wredundant-decls -MT memcached-hash.o -MD -MP -MF .deps/memcached-hash.Tpo -c -o memcached-hash.o `test -f 'hash.c' || echo './'`hash.c
mv -f .deps/memcached-hash.Tpo .deps/memcached-hash.Po
gcc -std=gnu99 -DHAVE_CONFIG_H -I.  -DNDEBUG   -g -O2 -pthread -pthread -Wall -Werror -pedantic -Wmissing-prototypes -Wmissing-declarations -Wredundant-decls -MT memcached-slabs.o -MD -MP -MF .deps/memcached-slabs.Tpo -c -o memcached-slabs.o `test -f 'slabs.c' || echo './'`slabs.c
mv -f .deps/memcached-slabs.Tpo .deps/memcached-slabs.Po
gcc -std=gnu99 -DHAVE_CONFIG_H -I.  -DNDEBUG   -g -O2 -pthread -pthread -Wall -Werror -pedantic -Wmissing-prototypes -Wmissing-declarations -Wredundant-decls -MT memcached-items.o -MD -MP -MF .deps/memcached-items.Tpo -c -o memcached-items.o `test -f 'items.c' || echo './'`items.c
mv -f .deps/memcached-items.Tpo .deps/memcached-items.Po
gcc -std=gnu99 -DHAVE_CONFIG_H -I.  -DNDEBUG   -g -O2 -pthread -pthread -Wall -Werror -pedantic -Wmissing-prototypes -Wmissing-declarations -Wredundant-decls -MT memcached-assoc.o -MD -MP -MF .deps/memcached-assoc.Tpo -c -o memcached-assoc.o `test -f 'assoc.c' || echo './'`assoc.c
mv -f .deps/memcached-assoc.Tpo .deps/memcached-assoc.Po
gcc -std=gnu99 -DHAVE_CONFIG_H -I.  -DNDEBUG   -g -O2 -pthread -pthread -Wall -Werror -pedantic -Wmissing-prototypes -Wmissing-declarations -Wredundant-decls -MT memcached-thread.o -MD -MP -MF .deps/memcached-thread.Tpo -c -o memcached-thread.o `test -f 'thread.c' || echo './'`thread.c
mv -f .deps/memcached-thread.Tpo .deps/memcached-thread.Po
gcc -std=gnu99 -DHAVE_CONFIG_H -I.  -DNDEBUG   -g -O2 -pthread -pthread -Wall -Werror -pedantic -Wmissing-prototypes -Wmissing-declarations -Wredundant-decls -MT memcached-daemon.o -MD -MP -MF .deps/memcached-daemon.Tpo -c -o memcached-daemon.o `test -f 'daemon.c' || echo './'`daemon.c
mv -f .deps/memcached-daemon.Tpo .deps/memcached-daemon.Po
gcc -std=gnu99 -DHAVE_CONFIG_H -I.  -DNDEBUG   -g -O2 -pthread -pthread -Wall -Werror -pedantic -Wmissing-prototypes -Wmissing-declarations -Wredundant-decls -MT memcached-stats.o -MD -MP -MF .deps/memcached-stats.Tpo -c -o memcached-stats.o `test -f 'stats.c' || echo './'`stats.c
mv -f .deps/memcached-stats.Tpo .deps/memcached-stats.Po
gcc -std=gnu99 -DHAVE_CONFIG_H -I.  -DNDEBUG   -g -O2 -pthread -pthread -Wall -Werror -pedantic -Wmissing-prototypes -Wmissing-declarations -Wredundant-decls -MT memcached-util.o -MD -MP -MF .deps/memcached-util.Tpo -c -o memcached-util.o `test -f 'util.c' || echo './'`util.c
mv -f .deps/memcached-util.Tpo .deps/memcached-util.Po
gcc -std=gnu99 -DHAVE_CONFIG_H -I.  -DNDEBUG   -g -O2 -pthread -pthread -Wall -Werror -pedantic -Wmissing-prototypes -Wmissing-declarations -Wredundant-decls -MT memcached-cache.o -MD -MP -MF .deps/memcached-cache.Tpo -c -o memcached-cache.o `test -f 'cache.c' || echo './'`cache.c
mv -f .deps/memcached-cache.Tpo .deps/memcached-cache.Po
gcc -std=gnu99  -g -O2 -pthread -pthread -Wall -Werror -pedantic -Wmissing-prototypes -Wmissing-declarations -Wredundant-decls   -o memcached memcached-memcached.o memcached-hash.o memcached-slabs.o memcached-items.o memcached-assoc.o memcached-thread.o memcached-daemon.o memcached-stats.o memcached-util.o memcached-cache.o    -levent -lrt 
gcc -std=gnu99 -DHAVE_CONFIG_H -I.    -fprofile-arcs -ftest-coverage -g -O2 -pthread -pthread -Wall -Werror -pedantic -Wmissing-prototypes -Wmissing-declarations -Wredundant-decls -MT memcached_debug-memcached.o -MD -MP -MF .deps/memcached_debug-memcached.Tpo -c -o memcached_debug-memcached.o `test -f 'memcached.c' || echo './'`memcached.c
mv -f .deps/memcached_debug-memcached.Tpo .deps/memcached_debug-memcached.Po
gcc -std=gnu99 -DHAVE_CONFIG_H -I.    -fprofile-arcs -ftest-coverage -g -O2 -pthread -pthread -Wall -Werror -pedantic -Wmissing-prototypes -Wmissing-declarations -Wredundant-decls -MT memcached_debug-hash.o -MD -MP -MF .deps/memcached_debug-hash.Tpo -c -o memcached_debug-hash.o `test -f 'hash.c' || echo './'`hash.c
mv -f .deps/memcached_debug-hash.Tpo .deps/memcached_debug-hash.Po
gcc -std=gnu99 -DHAVE_CONFIG_H -I.    -fprofile-arcs -ftest-coverage -g -O2 -pthread -pthread -Wall -Werror -pedantic -Wmissing-prototypes -Wmissing-declarations -Wredundant-decls -MT memcached_debug-slabs.o -MD -MP -MF .deps/memcached_debug-slabs.Tpo -c -o memcached_debug-slabs.o `test -f 'slabs.c' || echo './'`slabs.c
mv -f .deps/memcached_debug-slabs.Tpo .deps/memcached_debug-slabs.Po
gcc -std=gnu99 -DHAVE_CONFIG_H -I.    -fprofile-arcs -ftest-coverage -g -O2 -pthread -pthread -Wall -Werror -pedantic -Wmissing-prototypes -Wmissing-declarations -Wredundant-decls -MT memcached_debug-items.o -MD -MP -MF .deps/memcached_debug-items.Tpo -c -o memcached_debug-items.o `test -f 'items.c' || echo './'`items.c
mv -f .deps/memcached_debug-items.Tpo .deps/memcached_debug-items.Po
gcc -std=gnu99 -DHAVE_CONFIG_H -I.    -fprofile-arcs -ftest-coverage -g -O2 -pthread -pthread -Wall -Werror -pedantic -Wmissing-prototypes -Wmissing-declarations -Wredundant-decls -MT memcached_debug-assoc.o -MD -MP -MF .deps/memcached_debug-assoc.Tpo -c -o memcached_debug-assoc.o `test -f 'assoc.c' || echo './'`assoc.c
mv -f .deps/memcached_debug-assoc.Tpo .deps/memcached_debug-assoc.Po
gcc -std=gnu99 -DHAVE_CONFIG_H -I.    -fprofile-arcs -ftest-coverage -g -O2 -pthread -pthread -Wall -Werror -pedantic -Wmissing-prototypes -Wmissing-declarations -Wredundant-decls -MT memcached_debug-thread.o -MD -MP -MF .deps/memcached_debug-thread.Tpo -c -o memcached_debug-thread.o `test -f 'thread.c' || echo './'`thread.c
mv -f .deps/memcached_debug-thread.Tpo .deps/memcached_debug-thread.Po
gcc -std=gnu99 -DHAVE_CONFIG_H -I.    -fprofile-arcs -ftest-coverage -g -O2 -pthread -pthread -Wall -Werror -pedantic -Wmissing-prototypes -Wmissing-declarations -Wredundant-decls -MT memcached_debug-daemon.o -MD -MP -MF .deps/memcached_debug-daemon.Tpo -c -o memcached_debug-daemon.o `test -f 'daemon.c' || echo './'`daemon.c
mv -f .deps/memcached_debug-daemon.Tpo .deps/memcached_debug-daemon.Po
gcc -std=gnu99 -DHAVE_CONFIG_H -I.    -fprofile-arcs -ftest-coverage -g -O2 -pthread -pthread -Wall -Werror -pedantic -Wmissing-prototypes -Wmissing-declarations -Wredundant-decls -MT memcached_debug-stats.o -MD -MP -MF .deps/memcached_debug-stats.Tpo -c -o memcached_debug-stats.o `test -f 'stats.c' || echo './'`stats.c
mv -f .deps/memcached_debug-stats.Tpo .deps/memcached_debug-stats.Po
gcc -std=gnu99 -DHAVE_CONFIG_H -I.    -fprofile-arcs -ftest-coverage -g -O2 -pthread -pthread -Wall -Werror -pedantic -Wmissing-prototypes -Wmissing-declarations -Wredundant-decls -MT memcached_debug-util.o -MD -MP -MF .deps/memcached_debug-util.Tpo -c -o memcached_debug-util.o `test -f 'util.c' || echo './'`util.c
mv -f .deps/memcached_debug-util.Tpo .deps/memcached_debug-util.Po
gcc -std=gnu99 -DHAVE_CONFIG_H -I.    -fprofile-arcs -ftest-coverage -g -O2 -pthread -pthread -Wall -Werror -pedantic -Wmissing-prototypes -Wmissing-declarations -Wredundant-decls -MT memcached_debug-cache.o -MD -MP -MF .deps/memcached_debug-cache.Tpo -c -o memcached_debug-cache.o `test -f 'cache.c' || echo './'`cache.c
mv -f .deps/memcached_debug-cache.Tpo .deps/memcached_debug-cache.Po
gcc -std=gnu99 -fprofile-arcs -ftest-coverage -g -O2 -pthread -pthread -Wall -Werror -pedantic -Wmissing-prototypes -Wmissing-declarations -Wredundant-decls   -o memcached-debug memcached_debug-memcached.o memcached_debug-hash.o memcached_debug-slabs.o memcached_debug-items.o memcached_debug-assoc.o memcached_debug-thread.o memcached_debug-daemon.o memcached_debug-stats.o memcached_debug-util.o memcached_debug-cache.o   -lgcov  -levent -lrt 
gcc -std=gnu99 -DHAVE_CONFIG_H -I.     -g -O2 -pthread -pthread -Wall -Werror -pedantic -Wmissing-prototypes -Wmissing-declarations -Wredundant-decls -MT sizes.o -MD -MP -MF .deps/sizes.Tpo -c -o sizes.o sizes.c
mv -f .deps/sizes.Tpo .deps/sizes.Po
gcc -std=gnu99  -g -O2 -pthread -pthread -Wall -Werror -pedantic -Wmissing-prototypes -Wmissing-declarations -Wredundant-decls   -o sizes sizes.o  -levent -lrt 
gcc -std=gnu99 -DHAVE_CONFIG_H -I.     -g -O2 -pthread -pthread -Wall -Werror -pedantic -Wmissing-prototypes -Wmissing-declarations -Wredundant-decls -MT testapp.o -MD -MP -MF .deps/testapp.Tpo -c -o testapp.o testapp.c
mv -f .deps/testapp.Tpo .deps/testapp.Po
gcc -std=gnu99 -DHAVE_CONFIG_H -I.     -g -O2 -pthread -pthread -Wall -Werror -pedantic -Wmissing-prototypes -Wmissing-declarations -Wredundant-decls -MT util.o -MD -MP -MF .deps/util.Tpo -c -o util.o util.c
mv -f .deps/util.Tpo .deps/util.Po
gcc -std=gnu99 -DHAVE_CONFIG_H -I.     -g -O2 -pthread -pthread -Wall -Werror -pedantic -Wmissing-prototypes -Wmissing-declarations -Wredundant-decls -MT cache.o -MD -MP -MF .deps/cache.Tpo -c -o cache.o cache.c
mv -f .deps/cache.Tpo .deps/cache.Po
gcc -std=gnu99  -g -O2 -pthread -pthread -Wall -Werror -pedantic -Wmissing-prototypes -Wmissing-declarations -Wredundant-decls   -o testapp testapp.o util.o cache.o  -levent -lrt 
gcc -std=gnu99 -DHAVE_CONFIG_H -I.     -g -O2 -pthread -pthread -Wall -Werror -pedantic -Wmissing-prototypes -Wmissing-declarations -Wredundant-decls -MT timedrun.o -MD -MP -MF .deps/timedrun.Tpo -c -o timedrun.o timedrun.c
mv -f .deps/timedrun.Tpo .deps/timedrun.Po
gcc -std=gnu99  -g -O2 -pthread -pthread -Wall -Werror -pedantic -Wmissing-prototypes -Wmissing-declarations -Wredundant-decls   -o timedrun timedrun.o  -levent -lrt 
make[2]: Leaving directory `/tmp/memcached-1.4.15'
make[1]: Leaving directory `/tmp/memcached-1.4.15'
./sizes
Slab Stats      64
Thread stats    200
Global stats    208
Settings        104
Item (no cas)   32
Item (cas)      40
Libevent thread 104
Connection      328
----------------------------------------
libevent thread cumulative      13104
Thread stats cumulative         13000
./testapp
1..47
ok 1 - cache_create
ok 2 - cache_constructor
ok 3 - cache_constructor_fail
ok 4 - cache_destructor
ok 5 - cache_reuse
ok 6 - cache_redzone
ok 7 - issue_161
ok 8 - strtol
ok 9 - strtoll
ok 10 - strtoul
ok 11 - strtoull
ok 12 - issue_44
ok 13 - vperror
ok 14 - issue_101
ok 15 - start_server
ok 16 - issue_92
ok 17 - issue_102
ok 18 - binary_noop
ok 19 - binary_quit
ok 20 - binary_quitq
ok 21 - binary_set
ok 22 - binary_setq
ok 23 - binary_add
ok 24 - binary_addq
ok 25 - binary_replace
ok 26 - binary_replaceq
ok 27 - binary_delete
ok 28 - binary_deleteq
ok 29 - binary_get
ok 30 - binary_getq
ok 31 - binary_getk
ok 32 - binary_getkq
ok 33 - binary_incr
ok 34 - binary_incrq
ok 35 - binary_decr
ok 36 - binary_decrq
ok 37 - binary_version
ok 38 - binary_flush
ok 39 - binary_flushq
ok 40 - binary_append
ok 41 - binary_appendq
ok 42 - binary_prepend
ok 43 - binary_prependq
ok 44 - binary_stat
ok 45 - binary_illegal
ok 46 - binary_pipeline_hickup
ok 47 - stop_server
prove ./t
getaddrinfo(): Name or service not known
failed to listen on TCP port 42610: Connection refused
slab class   1: chunk size        80 perslab   13107
slab class   2: chunk size       104 perslab   10082
slab class   3: chunk size       136 perslab    7710
slab class   4: chunk size       176 perslab    5957
slab class   5: chunk size       224 perslab    4681
slab class   6: chunk size       280 perslab    3744
slab class   7: chunk size       352 perslab    2978
slab class   8: chunk size       440 perslab    2383
slab class   9: chunk size       552 perslab    1899
slab class  10: chunk size       696 perslab    1506
slab class  11: chunk size       872 perslab    1202
slab class  12: chunk size      1096 perslab     956
slab class  13: chunk size      1376 perslab     762
slab class  14: chunk size      1720 perslab     609
slab class  15: chunk size      2152 perslab     487
slab class  16: chunk size      2696 perslab     388
slab class  17: chunk size      3376 perslab     310
slab class  18: chunk size      4224 perslab     248
slab class  19: chunk size      5280 perslab     198
slab class  20: chunk size      6600 perslab     158
slab class  21: chunk size      8256 perslab     127
slab class  22: chunk size     10320 perslab     101
slab class  23: chunk size     12904 perslab      81
slab class  24: chunk size     16136 perslab      64
slab class  25: chunk size     20176 perslab      51
slab class  26: chunk size     25224 perslab      41
slab class  27: chunk size     31536 perslab      33
slab class  28: chunk size     39424 perslab      26
slab class  29: chunk size     49280 perslab      21
slab class  30: chunk size     61600 perslab      17
slab class  31: chunk size     77000 perslab      13
slab class  32: chunk size     96256 perslab      10
slab class  33: chunk size    120320 perslab       8
slab class  34: chunk size    150400 perslab       6
slab class  35: chunk size    188000 perslab       5
slab class  36: chunk size    235000 perslab       4
slab class  37: chunk size    293752 perslab       3
slab class  38: chunk size    367192 perslab       2
slab class  39: chunk size    458992 perslab       2
slab class  40: chunk size    573744 perslab       1
slab class  41: chunk size    717184 perslab       1
slab class  42: chunk size   1048576 perslab       1
<26 server listening (auto-negotiate)
<27 send buffer was 163840, now 268435456
<27 server listening (udp)
<27 server listening (udp)
<27 server listening (udp)
<27 server listening (udp)
<28 new auto-negotiating client connection
<28 connection closed.
slab class   1: chunk size        80 perslab   13107
slab class   2: chunk size       104 perslab   10082
slab class   3: chunk size       136 perslab    7710
slab class   4: chunk size       176 perslab    5957
slab class   5: chunk size       224 perslab    4681
slab class   6: chunk size       280 perslab    3744
slab class   7: chunk size       352 perslab    2978
slab class   8: chunk size       440 perslab    2383
slab class   9: chunk size       552 perslab    1899
slab class  10: chunk size       696 perslab    1506
slab class  11: chunk size       872 perslab    1202
slab class  12: chunk size      1096 perslab     956
slab class  13: chunk size      1376 perslab     762
slab class  14: chunk size      1720 perslab     609
slab class  15: chunk size      2152 perslab     487
slab class  16: chunk size      2696 perslab     388
slab class  17: chunk size      3376 perslab     310
slab class  18: chunk size      4224 perslab     248
slab class  19: chunk size      5280 perslab     198
slab class  20: chunk size      6600 perslab     158
slab class  21: chunk size      8256 perslab     127
slab class  22: chunk size     10320 perslab     101
slab class  23: chunk size     12904 perslab      81
slab class  24: chunk size     16136 perslab      64
slab class  25: chunk size     20176 perslab      51
slab class  26: chunk size     25224 perslab      41
slab class  27: chunk size     31536 perslab      33
slab class  28: chunk size     39424 perslab      26
slab class  29: chunk size     49280 perslab      21
slab class  30: chunk size     61600 perslab      17
slab class  31: chunk size     77000 perslab      13
slab class  32: chunk size     96256 perslab      10
slab class  33: chunk size    120320 perslab       8
slab class  34: chunk size    150400 perslab       6
slab class  35: chunk size    188000 perslab       5
slab class  36: chunk size    235000 perslab       4
slab class  37: chunk size    293752 perslab       3
slab class  38: chunk size    367192 perslab       2
slab class  39: chunk size    458992 perslab       2
slab class  40: chunk size    573744 perslab       1
slab class  41: chunk size    717184 perslab       1
slab class  42: chunk size   1048576 perslab       1
<26 server listening (ascii)
<27 send buffer was 163840, now 268435456
<27 server listening (udp)
<27 server listening (udp)
<27 server listening (udp)
<27 server listening (udp)
slab class   1: chunk size        80 perslab   13107
slab class   2: chunk size       104 perslab   10082
slab class   3: chunk size       136 perslab    7710
slab class   4: chunk size       176 perslab    5957
slab class   5: chunk size       224 perslab    4681
slab class   6: chunk size       280 perslab    3744
slab class   7: chunk size       352 perslab    2978
slab class   8: chunk size       440 perslab    2383
slab class   9: chunk size       552 perslab    1899
slab class  10: chunk size       696 perslab    1506
slab class  11: chunk size       872 perslab    1202
slab class  12: chunk size      1096 perslab     956
slab class  13: chunk size      1376 perslab     762
slab class  14: chunk size      1720 perslab     609
slab class  15: chunk size      2152 perslab     487
slab class  16: chunk size      2696 perslab     388
slab class  17: chunk size      3376 perslab     310
slab class  18: chunk size      4224 perslab     248
slab class  19: chunk size      5280 perslab     198
slab class  20: chunk size      6600 perslab     158
slab class  21: chunk size      8256 perslab     127
slab class  22: chunk size     10320 perslab     101
slab class  23: chunk size     12904 perslab      81
slab class  24: chunk size     16136 perslab      64
slab class  25: chunk size     20176 perslab      51
slab class  26: chunk size     25224 perslab      41
slab class  27: chunk size     31536 perslab      33
slab class  28: chunk size     39424 perslab      26
slab class  29: chunk size     49280 perslab      21
slab class  30: chunk size     61600 perslab      17
slab class  31: chunk size     77000 perslab      13
slab class  32: chunk size     96256 perslab      10
slab class  33: chunk size    120320 perslab       8
slab class  34: chunk size    150400 perslab       6
slab class  35: chunk size    188000 perslab       5
slab class  36: chunk size    235000 perslab       4
slab class  37: chunk size    293752 perslab       3
slab class  38: chunk size    367192 perslab       2
slab class  39: chunk size    458992 perslab       2
slab class  40: chunk size    573744 perslab       1
slab class  41: chunk size    717184 perslab       1
slab class  42: chunk size   1048576 perslab       1
<26 server listening (binary)
<27 send buffer was 163840, now 268435456
<27 server listening (udp)
<27 server listening (udp)
<27 server listening (udp)
<27 server listening (udp)
<28 new binary client connection.
<28 connection closed.
Invalid value for binding protocol: http
 -- should be one of auto, binary, or ascii
Number of threads must be greater than 0
t/00-startup.t ....... ok
t/64bit.t ............ skipped: Skipping 64-bit tests on 32-bit build
t/binary-get.t ....... ok
This server is not built with SASL support.
t/binary-sasl.t ...... ok
t/binary.t ........... ok
t/bogus-commands.t ... ok
t/cas.t .............. ok
t/daemonize.t ........ ok
t/dash-M.t ........... ok
t/evictions.t ........ ok
t/expirations.t ...... ok
t/flags.t ............ ok
t/flush-all.t ........ ok
t/getset.t ........... ok
t/incrdecr.t ......... ok
t/issue_104.t ........ ok
t/issue_108.t ........ ok
t/issue_14.t ......... ok
t/issue_140.t ........ skipped: Fix for Issue 140 was only an illusion
t/issue_152.t ........ ok
t/issue_163.t ........ ok
t/issue_183.t ........ ok
t/issue_22.t ......... ok
t/issue_29.t ......... ok
t/issue_3.t .......... ok
t/issue_41.t ......... ok
t/issue_42.t ......... ok
t/issue_50.t ......... ok
t/issue_61.t ......... ok
t/issue_67.t ......... ok
t/issue_68.t ......... ok
t/issue_70.t ......... ok
Item max size cannot be less than 1024 bytes.
Cannot set item size limit higher than 128 mb.
WARNING: Setting item max size above 1MB is not recommended!
 Raising this limit increases the minimum memory requirements
 and will decrease your memory efficiency.
WARNING: Setting item max size above 1MB is not recommended!
 Raising this limit increases the minimum memory requirements
 and will decrease your memory efficiency.
t/item_size_max.t .... ok
t/line-lengths.t ..... ok
t/lru.t .............. ok
t/maxconns.t ......... ok
t/multiversioning.t .. ok
t/noreply.t .......... ok
t/slabs_reassign.t ... ok
t/stats-detail.t ..... ok
t/stats.t ............ ok
t/touch.t ............ ok
t/udp.t .............. ok
t/unixsocket.t ....... ok
t/whitespace.t ....... skipped: Skipping tests probably because you don't have git.
All tests successful.
Files=45, Tests=6818, 328 wallclock secs ( 9.21 usr  0.91 sys + 46.84 cusr  9.55 csys = 66.51 CPU)
Result: PASS
File 'assoc.c' Lines executed:44.35% of 124 Creating 'assoc.c.gcov' File '/tool/usr/include/stdlib.h' Lines executed:0.00% of 1 Creating 'stdlib.h.gcov' File 'memcached.h' Lines executed:100.00% of 3 Creating 'memcached.h.gcov'
File 'cache.c' Lines executed:53.33% of 75 Creating 'cache.c.gcov'
File 'daemon.c' Lines executed:9.09% of 22 Creating 'daemon.c.gcov'
File 'hash.c' Lines executed:71.11% of 90 Creating 'hash.c.gcov'
File 'items.c' Lines executed:85.85% of 311 Creating 'items.c.gcov' File 'memcached.h' Lines executed:100.00% of 3 Creating 'memcached.h.gcov'
File 'memcached.c' Lines executed:70.85% of 2480 Creating 'memcached.c.gcov' File '/tool/usr/include/stdlib.h' Lines executed:50.00% of 2 Creating 'stdlib.h.gcov' File '/tool/usr/include/sys/stat.h' Lines executed:100.00% of 1 Creating 'stat.h.gcov' File '/tool/usr/include/bits/byteswap.h' Lines executed:100.00% of 1 Creating 'byteswap.h.gcov' File 'memcached.h' Lines executed:0.00% of 3 Creating 'memcached.h.gcov'
File 'slabs.c' Lines executed:70.84% of 415 Creating 'slabs.c.gcov' File '/tool/usr/include/stdlib.h' Lines executed:50.00% of 2 Creating 'stdlib.h.gcov' File 'memcached.h' Lines executed:100.00% of 3 Creating 'memcached.h.gcov'
File 'stats.c' Lines executed:90.36% of 83 Creating 'stats.c.gcov'
File 'thread.c' Lines executed:85.28% of 394 Creating 'thread.c.gcov' File 'memcached.h' Lines executed:100.00% of 3 Creating 'memcached.h.gcov'
File 'util.c' Lines executed:82.76% of 58 Creating 'util.c.gcov'
COMMANDDONE
-bash-3.2# sending 10.0.6.38:/usr/local/arm-sony-linux-gnueabi/target/armv7a/tmp/memcached_test.out to 10.0.6.38:/home/rpmuser/rpm/tmp..done
memcached : TEST_OK
